<?xml version="1.0" encoding="UTF-8"?>
<!-- Generated by org.testng.reporters.JUnitReportReporter -->
<testsuite hostname="LAPTOP-NT85T9R6" failures="0" tests="1" name="seltestqspider.implicitwait" time="14.463" errors="0" timestamp="2024-01-24T16:50:01 IST" skipped="0">
  <testcase classname="seltestqspider.implicitwait" name="test" time="14.463"/>
  <system-out/>
</testsuite> <!-- seltestqspider.implicitwait -->
