<?xml version="1.0" encoding="UTF-8"?>
<!-- Generated by org.testng.reporters.JUnitReportReporter -->
<testsuite hostname="LAPTOP-NT85T9R6" failures="0" tests="1" name="seltestqspider.implicitwait" time="11.987" errors="0" timestamp="2024-01-20T20:36:00 IST" skipped="0">
  <testcase classname="seltestqspider.implicitwait" name="test" time="11.987"/>
  <system-out/>
</testsuite> <!-- seltestqspider.implicitwait -->
